[debug] [2022-06-22T12:54:30.690Z] ----------------------------------------------------------------------
[debug] [2022-06-22T12:54:30.694Z] Command:       C:\Program Files\nodejs\node.exe C:\Users\Artem\AppData\Roaming\npm\node_modules\firebase-tools\lib\bin\firebase.js init
[debug] [2022-06-22T12:54:30.695Z] CLI Version:   11.1.0
[debug] [2022-06-22T12:54:30.695Z] Platform:      win32
[debug] [2022-06-22T12:54:30.696Z] Node Version:  v18.1.0
[debug] [2022-06-22T12:54:30.698Z] Time:          Wed Jun 22 2022 15:54:30 GMT+0300 (за східноєвропейським літнім часом)
[debug] [2022-06-22T12:54:30.698Z] ----------------------------------------------------------------------
[debug] 
[debug] [2022-06-22T12:54:30.713Z] > command requires scopes: ["email","openid","https://www.googleapis.com/auth/cloudplatformprojects.readonly","https://www.googleapis.com/auth/firebase","https://www.googleapis.com/auth/cloud-platform"]
[debug] [2022-06-22T12:54:30.714Z] > authorizing via signed-in user (art23032001@gmail.com)
[info] 
     ######## #### ########  ######## ########     ###     ######  ########
     ##        ##  ##     ## ##       ##     ##  ##   ##  ##       ##
     ######    ##  ########  ######   ########  #########  ######  ######
     ##        ##  ##    ##  ##       ##     ## ##     ##       ## ##
     ##       #### ##     ## ######## ########  ##     ##  ######  ########

You're about to initialize a Firebase project in this directory:

  D:\bgdntsv.github.io\avtostroy

[info] 
=== Project Setup
[info] 
[info] First, let's associate this project directory with a Firebase project.
[info] You can create multiple project aliases by running firebase use --add, 
[info] but for now we'll just set up a default project.
[info] 
[debug] [2022-06-22T12:55:06.919Z] >>> [apiv2][query] GET https://firebase.googleapis.com/v1beta1/projects pageSize=100
[debug] [2022-06-22T12:55:08.052Z] <<< [apiv2][status] GET https://firebase.googleapis.com/v1beta1/projects 200
[debug] [2022-06-22T12:55:08.053Z] <<< [apiv2][body] GET https://firebase.googleapis.com/v1beta1/projects [omitted]
[info] i  Using project avtostroy-4453b (avtostroy) 
[info] 
=== Hosting Setup
[info] 
[info] Your public directory is the folder (relative to your project directory) that
[info] will contain Hosting assets to be uploaded with firebase deploy. If you
[info] have a build process for your assets, use your build's output directory.
[info] 
[debug] [2022-06-22T13:00:09.373Z] >>> [apiv2][query] GET https://www.gstatic.com/firebasejs/releases.json [none]
[debug] [2022-06-22T13:00:09.533Z] <<< [apiv2][status] GET https://www.gstatic.com/firebasejs/releases.json 200
[debug] [2022-06-22T13:00:09.534Z] <<< [apiv2][body] GET https://www.gstatic.com/firebasejs/releases.json {"current":{"version":"9.8.3","browserURL":"https://www.gstatic.com/firebasejs/9.8.3/firebase.js","packageURL":"https://www.gstatic.com/firebasejs/9.8.3/firebase.tgz"},"live":{"version":"9.8","browserURL":"https://www.gstatic.com/firebasejs/live/9.8/firebase.js","packageURL":"https://www.gstatic.com/firebasejs/live/9.8/firebase.tgz"},"components":{"analytics":"https://www.gstatic.com/firebasejs/9.8.3/firebase-analytics.js","app":"https://www.gstatic.com/firebasejs/9.8.3/firebase-app.js","app-check":"https://www.gstatic.com/firebasejs/9.8.3/firebase-app-check.js","auth":"https://www.gstatic.com/firebasejs/9.8.3/firebase-auth.js","auth/cordova":"https://www.gstatic.com/firebasejs/9.8.3/firebase-auth/cordova.js","auth/react-native":"https://www.gstatic.com/firebasejs/9.8.3/firebase-auth/react-native.js","functions":"https://www.gstatic.com/firebasejs/9.8.3/firebase-functions.js","firestore":"https://www.gstatic.com/firebasejs/9.8.3/firebase-firestore.js","firestore/lite":"https://www.gstatic.com/firebasejs/9.8.3/firebase-firestore/lite.js","storage":"https://www.gstatic.com/firebasejs/9.8.3/firebase-storage.js","performance":"https://www.gstatic.com/firebasejs/9.8.3/firebase-performance.js","remote-config":"https://www.gstatic.com/firebasejs/9.8.3/firebase-remote-config.js","messaging":"https://www.gstatic.com/firebasejs/9.8.3/firebase-messaging.js","messaging/sw":"https://www.gstatic.com/firebasejs/9.8.3/firebase-messaging/sw.js","database":"https://www.gstatic.com/firebasejs/9.8.3/firebase-database.js","firestore.memory":"https://www.gstatic.com/firebasejs/9.8.3/firebase-firestore.memory.js"}}
[info] i  Skipping write of build/index.html 
[info] 
[info] i  Detected a .git folder at D:\bgdntsv.github.io 
[info] i  Authorizing with GitHub to upload your service account to a GitHub repository's secrets store. 
[info] 
[info] Visit this URL on this device to log in:
[info] https://github.com/login/oauth/authorize?client_id=89cf50f02ac6aaed3484&state=556661246&redirect_uri=http%3A%2F%2Flocalhost%3A9005&scope=read%3Auser%20repo%20public_repo
[info] 
[info] Waiting for authentication...
[debug] [2022-06-22T13:01:07.052Z] >>> [apiv2][query] POST https://github.com/login/oauth/access_token [none]
[debug] [2022-06-22T13:01:07.053Z] >>> [apiv2][body] POST https://github.com/login/oauth/access_token [stream]
[debug] [2022-06-22T13:01:07.664Z] <<< [apiv2][status] POST https://github.com/login/oauth/access_token 200
[debug] [2022-06-22T13:01:07.665Z] <<< [apiv2][body] POST https://github.com/login/oauth/access_token {"access_token":"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","token_type":"bearer","scope":"read:user,repo"}
[debug] [2022-06-22T13:01:07.697Z] >>> [apiv2][query] GET https://api.github.com/user [none]
[debug] [2022-06-22T13:01:08.225Z] <<< [apiv2][status] GET https://api.github.com/user 200
[debug] [2022-06-22T13:01:08.226Z] <<< [apiv2][body] GET https://api.github.com/user {"login":"bgdntsv","id":57110805,"node_id":"MDQ6VXNlcjU3MTEwODA1","avatar_url":"https://avatars.githubusercontent.com/u/57110805?v=4","gravatar_id":"","url":"https://api.github.com/users/bgdntsv","html_url":"https://github.com/bgdntsv","followers_url":"https://api.github.com/users/bgdntsv/followers","following_url":"https://api.github.com/users/bgdntsv/following{/other_user}","gists_url":"https://api.github.com/users/bgdntsv/gists{/gist_id}","starred_url":"https://api.github.com/users/bgdntsv/starred{/owner}{/repo}","subscriptions_url":"https://api.github.com/users/bgdntsv/subscriptions","organizations_url":"https://api.github.com/users/bgdntsv/orgs","repos_url":"https://api.github.com/users/bgdntsv/repos","events_url":"https://api.github.com/users/bgdntsv/events{/privacy}","received_events_url":"https://api.github.com/users/bgdntsv/received_events","type":"User","site_admin":false,"name":null,"company":null,"blog":"","location":null,"email":null,"hireable":null,"bio":null,"twitter_username":null,"public_repos":3,"public_gists":2,"followers":0,"following":0,"created_at":"2019-10-28T18:25:11Z","updated_at":"2022-06-22T13:01:01Z","private_gists":0,"total_private_repos":0,"owned_private_repos":0,"disk_usage":71551,"collaborators":0,"two_factor_authentication":false,"plan":{"name":"free","space":976562499,"collaborators":0,"private_repos":10000}}
[info] 
[info] +  Success! Logged into GitHub as bgdntsv 
[info] 
